{"contracts/Raffle.sol":{"l":{"56":3,"57":3,"58":3,"59":3,"60":3,"61":3,"62":3,"63":3,"67":5,"68":1,"71":4,"72":1,"75":3,"78":3,"98":1,"99":1,"100":1,"101":1,"102":1,"110":1,"111":1,"112":0,"118":1,"119":1,"126":1,"134":0,"135":0,"136":0,"137":0,"138":0,"139":0,"140":0,"141":0,"142":0,"144":0,"150":5,"154":1,"158":0,"162":1,"166":0,"170":0,"174":0,"178":0,"182":5},"path":"/home/sur/projects/lottery/contracts/Raffle.sol","s":{"1":3,"2":3,"3":3,"4":3,"5":3,"6":3,"7":3,"8":3,"9":5,"10":4,"11":3,"12":3,"13":1,"14":1,"15":1,"16":1,"17":1,"18":1,"19":1,"20":1,"21":1,"22":1,"23":0,"24":0,"25":0,"26":0,"27":0,"28":0,"29":0,"30":0,"31":0,"32":5,"33":1,"34":0,"35":1,"36":0,"37":0,"38":0,"39":0,"40":5},"b":{"1":[1,4],"2":[1,3],"3":[0,1],"4":[0,0]},"f":{"1":3,"2":5,"3":1,"4":1,"5":0,"6":5,"7":1,"8":0,"9":1,"10":0,"11":0,"12":0,"13":0,"14":5},"fnMap":{"1":{"name":"constructor","line":55,"loc":{"start":{"line":48,"column":4},"end":{"line":64,"column":4}}},"2":{"name":"enterRaffle","line":66,"loc":{"start":{"line":66,"column":4},"end":{"line":79,"column":4}}},"3":{"name":"checkUpkeep","line":88,"loc":{"start":{"line":88,"column":4},"end":{"line":103,"column":4}}},"4":{"name":"performUpkeep","line":107,"loc":{"start":{"line":107,"column":4},"end":{"line":127,"column":4}}},"5":{"name":"fulfillRandomWords","line":130,"loc":{"start":{"line":130,"column":4},"end":{"line":145,"column":4}}},"6":{"name":"getEntranceFee","line":149,"loc":{"start":{"line":149,"column":4},"end":{"line":151,"column":4}}},"7":{"name":"getPlayer","line":153,"loc":{"start":{"line":153,"column":4},"end":{"line":155,"column":4}}},"8":{"name":"getRecentWinner","line":157,"loc":{"start":{"line":157,"column":4},"end":{"line":159,"column":4}}},"9":{"name":"getRaffleState","line":161,"loc":{"start":{"line":161,"column":4},"end":{"line":163,"column":4}}},"10":{"name":"getNumWords","line":165,"loc":{"start":{"line":165,"column":4},"end":{"line":167,"column":4}}},"11":{"name":"getNumberOfPlayers","line":169,"loc":{"start":{"line":169,"column":4},"end":{"line":171,"column":4}}},"12":{"name":"getLatestTimeStamp","line":173,"loc":{"start":{"line":173,"column":4},"end":{"line":175,"column":4}}},"13":{"name":"getRequestConfirmations","line":177,"loc":{"start":{"line":177,"column":4},"end":{"line":179,"column":4}}},"14":{"name":"getInterval","line":181,"loc":{"start":{"line":181,"column":4},"end":{"line":183,"column":4}}}},"statementMap":{"1":{"start":{"line":56,"column":8},"end":{"line":56,"column":34}},"2":{"start":{"line":57,"column":8},"end":{"line":57,"column":69}},"3":{"start":{"line":58,"column":8},"end":{"line":58,"column":26}},"4":{"start":{"line":59,"column":8},"end":{"line":59,"column":40}},"5":{"start":{"line":60,"column":8},"end":{"line":60,"column":44}},"6":{"start":{"line":61,"column":8},"end":{"line":61,"column":39}},"7":{"start":{"line":62,"column":8},"end":{"line":62,"column":40}},"8":{"start":{"line":63,"column":8},"end":{"line":63,"column":28}},"9":{"start":{"line":67,"column":8},"end":{"line":67,"column":2357}},"10":{"start":{"line":71,"column":8},"end":{"line":71,"column":2459}},"11":{"start":{"line":75,"column":8},"end":{"line":75,"column":42}},"12":{"start":{"line":78,"column":8},"end":{"line":78,"column":36}},"13":{"start":{"line":98,"column":8},"end":{"line":98,"column":57}},"14":{"start":{"line":99,"column":8},"end":{"line":99,"column":76}},"15":{"start":{"line":100,"column":8},"end":{"line":100,"column":48}},"16":{"start":{"line":101,"column":8},"end":{"line":101,"column":53}},"17":{"start":{"line":102,"column":8},"end":{"line":102,"column":72}},"18":{"start":{"line":110,"column":8},"end":{"line":110,"column":47}},"19":{"start":{"line":111,"column":8},"end":{"line":111,"column":3770}},"20":{"start":{"line":118,"column":8},"end":{"line":118,"column":46}},"21":{"start":{"line":119,"column":8},"end":{"line":119,"column":4030}},"22":{"start":{"line":126,"column":8},"end":{"line":126,"column":45}},"23":{"start":{"line":134,"column":8},"end":{"line":134,"column":65}},"24":{"start":{"line":135,"column":8},"end":{"line":135,"column":63}},"25":{"start":{"line":136,"column":8},"end":{"line":136,"column":36}},"26":{"start":{"line":137,"column":8},"end":{"line":137,"column":39}},"27":{"start":{"line":138,"column":8},"end":{"line":138,"column":43}},"28":{"start":{"line":139,"column":8},"end":{"line":139,"column":40}},"29":{"start":{"line":140,"column":8},"end":{"line":140,"column":78}},"30":{"start":{"line":141,"column":8},"end":{"line":141,"column":4828}},"31":{"start":{"line":144,"column":8},"end":{"line":144,"column":39}},"32":{"start":{"line":150,"column":8},"end":{"line":150,"column":28}},"33":{"start":{"line":154,"column":8},"end":{"line":154,"column":31}},"34":{"start":{"line":158,"column":8},"end":{"line":158,"column":29}},"35":{"start":{"line":162,"column":8},"end":{"line":162,"column":28}},"36":{"start":{"line":166,"column":8},"end":{"line":166,"column":24}},"37":{"start":{"line":170,"column":8},"end":{"line":170,"column":31}},"38":{"start":{"line":174,"column":8},"end":{"line":174,"column":30}},"39":{"start":{"line":178,"column":8},"end":{"line":178,"column":36}},"40":{"start":{"line":182,"column":8},"end":{"line":182,"column":25}}},"branchMap":{"1":{"line":67,"type":"if","locations":[{"start":{"line":67,"column":8},"end":{"line":67,"column":8}},{"start":{"line":67,"column":8},"end":{"line":67,"column":8}}]},"2":{"line":71,"type":"if","locations":[{"start":{"line":71,"column":8},"end":{"line":71,"column":8}},{"start":{"line":71,"column":8},"end":{"line":71,"column":8}}]},"3":{"line":111,"type":"if","locations":[{"start":{"line":111,"column":8},"end":{"line":111,"column":8}},{"start":{"line":111,"column":8},"end":{"line":111,"column":8}}]},"4":{"line":141,"type":"if","locations":[{"start":{"line":141,"column":8},"end":{"line":141,"column":8}},{"start":{"line":141,"column":8},"end":{"line":141,"column":8}}]}}},"contracts/test/VRFCoordinatorV2Mock.sol":{"l":{},"path":"/home/sur/projects/lottery/contracts/test/VRFCoordinatorV2Mock.sol","s":{},"b":{},"f":{},"fnMap":{},"statementMap":{},"branchMap":{}}}